timestamp: 2014-03-09T12:52:45.649960
CREATE TABLE auth_user(
    id INTEGER PRIMARY KEY AUTOINCREMENT,
    first_name CHAR(128),
    last_name CHAR(128),
    email CHAR(512),
    password CHAR(512),
    registration_key CHAR(512),
    reset_password_key CHAR(512),
    registration_id CHAR(512)
);
success!
timestamp: 2014-03-09T12:52:45.653465
CREATE TABLE auth_group(
    id INTEGER PRIMARY KEY AUTOINCREMENT,
    role CHAR(512),
    description TEXT
);
success!
timestamp: 2014-03-09T12:52:45.656058
CREATE TABLE auth_membership(
    id INTEGER PRIMARY KEY AUTOINCREMENT,
    user_id INTEGER REFERENCES auth_user (id) ON DELETE CASCADE,
    group_id INTEGER REFERENCES auth_group (id) ON DELETE CASCADE
);
success!
timestamp: 2014-03-09T12:52:45.658226
CREATE TABLE auth_permission(
    id INTEGER PRIMARY KEY AUTOINCREMENT,
    group_id INTEGER REFERENCES auth_group (id) ON DELETE CASCADE,
    name CHAR(512),
    table_name CHAR(512),
    record_id INTEGER
);
success!
timestamp: 2014-03-09T12:52:45.660469
CREATE TABLE auth_event(
    id INTEGER PRIMARY KEY AUTOINCREMENT,
    time_stamp TIMESTAMP,
    client_ip CHAR(512),
    user_id INTEGER REFERENCES auth_user (id) ON DELETE CASCADE,
    origin CHAR(512),
    description TEXT
);
success!
timestamp: 2014-03-09T12:52:45.662762
CREATE TABLE auth_cas(
    id INTEGER PRIMARY KEY AUTOINCREMENT,
    user_id INTEGER REFERENCES auth_user (id) ON DELETE CASCADE,
    created_on TIMESTAMP,
    service CHAR(512),
    ticket CHAR(512),
    renew CHAR(1)
);
success!
timestamp: 2014-03-09T12:52:45.665741
CREATE TABLE t_knowdb(
    id INTEGER PRIMARY KEY AUTOINCREMENT,
    f_name CHAR(512),
    f_preknow CHAR(512),
    f_canknow CHAR(512),
    f_simknow CHAR(512),
    f_detail CHAR(512),
    f_contributor CHAR(512)
);
success!
timestamp: 2014-03-09T12:52:45.668522
CREATE TABLE t_knowdb_archive(
    id INTEGER PRIMARY KEY AUTOINCREMENT,
    f_name CHAR(512),
    f_preknow CHAR(512),
    f_canknow CHAR(512),
    f_simknow CHAR(512),
    f_detail CHAR(512),
    f_contributor CHAR(512),
    current_record INTEGER REFERENCES t_knowdb (id) ON DELETE CASCADE
);
success!
timestamp: 2014-03-09T12:52:45.670675
CREATE TABLE t_userdb(
    id INTEGER PRIMARY KEY AUTOINCREMENT,
    f_username CHAR(512),
    f_know CHAR(512),
    f_project CHAR(512),
    f_subscribe CHAR(512),
    f_follow CHAR(512)
);
success!
timestamp: 2014-03-09T12:52:45.672768
CREATE TABLE t_userdb_archive(
    id INTEGER PRIMARY KEY AUTOINCREMENT,
    f_username CHAR(512),
    f_know CHAR(512),
    f_project CHAR(512),
    f_subscribe CHAR(512),
    f_follow CHAR(512),
    current_record INTEGER REFERENCES t_userdb (id) ON DELETE CASCADE
);
success!
